app/manifest-merger-release-report.txt
-- Merging decision tree log ---
manifest
ADDED from AndroidManifest.xml:2:1
	package
		ADDED from AndroidManifest.xml:3:5
		INJECTED from AndroidManifest.xml:0:0
		INJECTED from AndroidManifest.xml:0:0
	android:versionName
		INJECTED from AndroidManifest.xml:0:0
		INJECTED from AndroidManifest.xml:0:0
	xmlns:android
		ADDED from AndroidManifest.xml:2:11
	android:versionCode
		INJECTED from AndroidManifest.xml:0:0
		INJECTED from AndroidManifest.xml:0:0
permission#oly.netpowerctrl.permission.PLUGINS
ADDED from AndroidManifest.xml:11:5
	android:protectionLevel
		ADDED from AndroidManifest.xml:13:9
	android:name
		ADDED from AndroidManifest.xml:12:9
uses-permission#oly.netpowerctrl.permission.PLUGINS
ADDED from AndroidManifest.xml:15:5
	android:name
		ADDED from AndroidManifest.xml:15:22
uses-permission#android.permission.INTERNET
ADDED from AndroidManifest.xml:16:5
	android:name
		ADDED from AndroidManifest.xml:16:22
uses-permission#android.permission.WAKE_LOCK
ADDED from AndroidManifest.xml:17:5
	android:name
		ADDED from AndroidManifest.xml:17:22
uses-permission#android.permission.NFC
ADDED from AndroidManifest.xml:18:5
	android:name
		ADDED from AndroidManifest.xml:18:22
uses-permission#android.permission.READ_EXTERNAL_STORAGE
ADDED from AndroidManifest.xml:19:5
	android:name
		ADDED from AndroidManifest.xml:19:22
uses-permission#android.permission.MANAGE_DOCUMENTS
ADDED from AndroidManifest.xml:20:5
	android:name
		ADDED from AndroidManifest.xml:20:22
uses-permission#android.permission.ACCESS_NETWORK_STATE
ADDED from AndroidManifest.xml:21:5
	android:name
		ADDED from AndroidManifest.xml:21:22
uses-permission#android.permission.ACCESS_WIFI_STATE
ADDED from AndroidManifest.xml:22:5
	android:name
		ADDED from AndroidManifest.xml:22:22
uses-permission#android.permission.RECEIVE_BOOT_COMPLETED
ADDED from AndroidManifest.xml:23:5
	android:name
		ADDED from AndroidManifest.xml:23:22
uses-permission#com.android.vending.BILLING
ADDED from AndroidManifest.xml:24:5
	android:name
		ADDED from AndroidManifest.xml:24:22
uses-permission#com.android.launcher.permission.INSTALL_SHORTCUT
ADDED from AndroidManifest.xml:25:5
	android:name
		ADDED from AndroidManifest.xml:25:22
uses-feature#android.hardware.nfc
ADDED from AndroidManifest.xml:27:5
	android:required
		ADDED from AndroidManifest.xml:29:9
	android:name
		ADDED from AndroidManifest.xml:28:9
uses-sdk
ADDED from AndroidManifest.xml:31:5
MERGED from NetPowerctrl.libraries:Donations:unspecified:6:5
MERGED from com.android.support:support-v13:21.0.0:15:5
MERGED from com.android.support:support-v4:21.0.0:15:5
MERGED from NetPowerctrl.libraries:device_base:unspecified:8:5
MERGED from com.android.support:support-v13:21.0.0:15:5
MERGED from com.android.support:support-v4:21.0.0:15:5
MERGED from com.android.support:appcompat-v7:21.0.0:15:5
MERGED from com.android.support:support-v4:21.0.0:15:5
MERGED from com.android.support:support-v13:21.0.0:15:5
MERGED from com.android.support:support-v4:21.0.0:15:5
MERGED from com.android.support:recyclerview-v7:21.0.0:15:5
MERGED from com.android.support:support-v4:21.0.0:15:5
MERGED from com.android.support:palette-v7:21.0.0:15:5
MERGED from com.android.support:support-v4:21.0.0:15:5
MERGED from com.android.support:cardview-v7:21.0.0:15:5
MERGED from com.wefika:flowlayout:0.3.4:2:5
MERGED from com.github.gabrielemariotti.changeloglib:library:1.5.1:7:5
	android:targetSdkVersion
		INJECTED from AndroidManifest.xml:0:0
		INJECTED from AndroidManifest.xml:0:0
	android:minSdkVersion
		INJECTED from AndroidManifest.xml:0:0
		INJECTED from AndroidManifest.xml:0:0
application
ADDED from AndroidManifest.xml:34:5
MERGED from NetPowerctrl.libraries:Donations:unspecified:10:5
MERGED from com.android.support:support-v13:21.0.0:16:5
MERGED from com.android.support:support-v4:21.0.0:16:5
MERGED from NetPowerctrl.libraries:device_base:unspecified:12:5
MERGED from com.android.support:support-v13:21.0.0:16:5
MERGED from com.android.support:support-v4:21.0.0:16:5
MERGED from com.android.support:appcompat-v7:21.0.0:16:5
MERGED from com.android.support:support-v4:21.0.0:16:5
MERGED from com.android.support:support-v13:21.0.0:16:5
MERGED from com.android.support:support-v4:21.0.0:16:5
MERGED from com.android.support:recyclerview-v7:21.0.0:17:5
MERGED from com.android.support:support-v4:21.0.0:16:5
MERGED from com.android.support:palette-v7:21.0.0:16:5
MERGED from com.android.support:support-v4:21.0.0:16:5
MERGED from com.android.support:cardview-v7:21.0.0:16:5
MERGED from com.wefika:flowlayout:0.3.4:4:5
MERGED from com.github.gabrielemariotti.changeloglib:library:1.5.1:11:5
	android:label
		ADDED from AndroidManifest.xml:39:9
	android:supportsRtl
		ADDED from AndroidManifest.xml:40:9
	android:hardwareAccelerated
		ADDED from AndroidManifest.xml:37:9
	android:allowBackup
		ADDED from AndroidManifest.xml:36:9
	android:icon
		ADDED from AndroidManifest.xml:38:9
	android:name
		ADDED from AndroidManifest.xml:35:9
provider#oly.netpowerctrl.utils.AssetDocumentProvider
ADDED from AndroidManifest.xml:43:9
	android:authorities
		ADDED from AndroidManifest.xml:45:13
	android:enabled
		ADDED from AndroidManifest.xml:46:13
	android:grantUriPermissions
		ADDED from AndroidManifest.xml:48:13
	android:label
		ADDED from AndroidManifest.xml:51:13
	android:multiprocess
		ADDED from AndroidManifest.xml:52:13
	android:syncable
		ADDED from AndroidManifest.xml:54:13
	android:exported
		ADDED from AndroidManifest.xml:47:13
	android:permission
		ADDED from AndroidManifest.xml:53:13
	android:icon
		ADDED from AndroidManifest.xml:49:13
	android:initOrder
		ADDED from AndroidManifest.xml:50:13
	android:name
		ADDED from AndroidManifest.xml:44:13
intent-filter#android.content.action.DOCUMENTS_PROVIDER
ADDED from AndroidManifest.xml:55:13
action#android.content.action.DOCUMENTS_PROVIDER
ADDED from AndroidManifest.xml:56:17
	android:name
		ADDED from AndroidManifest.xml:56:25
activity#oly.netpowerctrl.main.MainActivity
ADDED from AndroidManifest.xml:64:9
	android:label
		ADDED from AndroidManifest.xml:67:13
	android:launchMode
		ADDED from AndroidManifest.xml:68:13
	android:configChanges
		ADDED from AndroidManifest.xml:66:13
	android:theme
		ADDED from AndroidManifest.xml:69:13
	android:name
		ADDED from AndroidManifest.xml:65:13
intent-filter#android.intent.action.MAIN+android.intent.category.LAUNCHER
ADDED from AndroidManifest.xml:70:13
action#android.intent.action.MAIN
ADDED from AndroidManifest.xml:71:17
	android:name
		ADDED from AndroidManifest.xml:71:25
category#android.intent.category.LAUNCHER
ADDED from AndroidManifest.xml:72:17
	android:name
		ADDED from AndroidManifest.xml:72:27
intent-filter#android.intent.action.MAIN
ADDED from AndroidManifest.xml:74:13
activity#oly.netpowerctrl.main.ExecutionActivity
ADDED from AndroidManifest.xml:79:9
	android:label
		ADDED from AndroidManifest.xml:82:13
	android:launchMode
		ADDED from AndroidManifest.xml:83:13
	android:noHistory
		ADDED from AndroidManifest.xml:84:13
	android:icon
		ADDED from AndroidManifest.xml:81:13
	android:theme
		ADDED from AndroidManifest.xml:85:13
	android:name
		ADDED from AndroidManifest.xml:80:13
intent-filter#android.intent.category.DEFAULT+android.nfc.action.NDEF_DISCOVERED
ADDED from AndroidManifest.xml:89:13
action#android.nfc.action.NDEF_DISCOVERED
ADDED from AndroidManifest.xml:90:17
	android:name
		ADDED from AndroidManifest.xml:90:25
category#android.intent.category.DEFAULT
ADDED from AndroidManifest.xml:91:17
	android:name
		ADDED from AndroidManifest.xml:91:27
data
ADDED from AndroidManifest.xml:92:17
	android:mimeType
		ADDED from AndroidManifest.xml:92:23
activity#oly.netpowerctrl.widget.WidgetConfigActivity
ADDED from AndroidManifest.xml:96:9
	android:label
		ADDED from AndroidManifest.xml:101:13
	android:noHistory
		ADDED from AndroidManifest.xml:102:13
	android:configChanges
		ADDED from AndroidManifest.xml:98:13
	android:icon
		ADDED from AndroidManifest.xml:100:13
	android:description
		ADDED from AndroidManifest.xml:99:13
	android:theme
		ADDED from AndroidManifest.xml:103:13
	android:name
		ADDED from AndroidManifest.xml:97:13
intent-filter#android.appwidget.action.APPWIDGET_CONFIGURE
ADDED from AndroidManifest.xml:104:13
action#android.appwidget.action.APPWIDGET_CONFIGURE
ADDED from AndroidManifest.xml:105:17
	android:name
		ADDED from AndroidManifest.xml:105:25
activity#oly.netpowerctrl.main.NfcTagWriterActivity
ADDED from AndroidManifest.xml:109:9
	android:label
		ADDED from AndroidManifest.xml:114:13
	android:configChanges
		ADDED from AndroidManifest.xml:111:13
	android:icon
		ADDED from AndroidManifest.xml:113:13
	android:description
		ADDED from AndroidManifest.xml:112:13
	android:theme
		ADDED from AndroidManifest.xml:115:13
	android:name
		ADDED from AndroidManifest.xml:110:13
activity#oly.netpowerctrl.scenes.EditSceneActivity
ADDED from AndroidManifest.xml:117:9
	android:label
		ADDED from AndroidManifest.xml:122:13
	android:windowSoftInputMode
		ADDED from AndroidManifest.xml:124:13
	android:configChanges
		ADDED from AndroidManifest.xml:119:13
	android:icon
		ADDED from AndroidManifest.xml:121:13
	android:description
		ADDED from AndroidManifest.xml:120:13
	android:theme
		ADDED from AndroidManifest.xml:123:13
	android:name
		ADDED from AndroidManifest.xml:118:13
intent-filter#android.intent.action.CREATE_SHORTCUT+android.intent.category.DEFAULT
ADDED from AndroidManifest.xml:125:13
action#android.intent.action.CREATE_SHORTCUT
ADDED from AndroidManifest.xml:126:17
	android:name
		ADDED from AndroidManifest.xml:126:25
receiver#oly.netpowerctrl.widget.DeviceWidgetProvider
ADDED from AndroidManifest.xml:132:9
	android:label
		ADDED from AndroidManifest.xml:135:13
	android:icon
		ADDED from AndroidManifest.xml:134:13
	android:name
		ADDED from AndroidManifest.xml:133:13
intent-filter#android.appwidget.action.APPWIDGET_UPDATE
ADDED from AndroidManifest.xml:136:13
action#android.appwidget.action.APPWIDGET_UPDATE
ADDED from AndroidManifest.xml:137:17
	android:name
		ADDED from AndroidManifest.xml:137:25
meta-data#android.appwidget.provider
ADDED from AndroidManifest.xml:140:13
	android:resource
		ADDED from AndroidManifest.xml:142:17
	android:name
		ADDED from AndroidManifest.xml:141:17
service#oly.netpowerctrl.pluginservice.PluginService
ADDED from AndroidManifest.xml:145:9
	android:exported
		ADDED from AndroidManifest.xml:147:13
	android:permission
		ADDED from AndroidManifest.xml:148:13
	android:name
		ADDED from AndroidManifest.xml:146:13
service#oly.netpowerctrl.widget.WidgetUpdateService
ADDED from AndroidManifest.xml:150:9
	android:exported
		ADDED from AndroidManifest.xml:152:13
	android:name
		ADDED from AndroidManifest.xml:151:13
service#oly.netpowerctrl.utils.statusbar_and_speech.AndroidStatusBarService
ADDED from AndroidManifest.xml:154:9
	android:exported
		ADDED from AndroidManifest.xml:156:13
	android:name
		ADDED from AndroidManifest.xml:155:13
receiver#oly.netpowerctrl.timer.BootCompletedReceiver
ADDED from AndroidManifest.xml:158:9
	android:enabled
		ADDED from AndroidManifest.xml:160:13
	android:name
		ADDED from AndroidManifest.xml:159:13
intent-filter#android.intent.action.BOOT_COMPLETED
ADDED from AndroidManifest.xml:161:13
action#android.intent.action.BOOT_COMPLETED
ADDED from AndroidManifest.xml:162:17
	android:name
		ADDED from AndroidManifest.xml:162:25
activity#android.support.v7.widget.TestActivity
ADDED from com.android.support:recyclerview-v7:21.0.0:18:9
	android:label
		ADDED from com.android.support:recyclerview-v7:21.0.0:18:19
	android:name
		ADDED from com.android.support:recyclerview-v7:21.0.0:18:60